TN:
SF:src/PinCode.js
FN:12,(anonymous_0)
FN:15,(anonymous_1)
FN:18,(anonymous_2)
FN:21,(anonymous_3)
FN:24,(anonymous_4)
FN:30,(anonymous_5)
FN:35,(anonymous_6)
FN:36,(anonymous_7)
FN:43,(anonymous_8)
FN:44,(anonymous_9)
FN:53,(anonymous_10)
FN:59,(anonymous_11)
FN:68,(anonymous_12)
FN:75,(anonymous_13)
FN:76,(anonymous_14)
FN:77,(anonymous_15)
FN:78,(anonymous_16)
FNF:17
FNH:15
FNDA:1,(anonymous_0)
FNDA:1,(anonymous_1)
FNDA:2,(anonymous_2)
FNDA:2,(anonymous_3)
FNDA:10,(anonymous_4)
FNDA:8,(anonymous_5)
FNDA:1,(anonymous_6)
FNDA:0,(anonymous_7)
FNDA:2,(anonymous_8)
FNDA:0,(anonymous_9)
FNDA:1,(anonymous_10)
FNDA:2,(anonymous_11)
FNDA:1,(anonymous_12)
FNDA:1,(anonymous_13)
FNDA:1,(anonymous_14)
FNDA:2,(anonymous_15)
FNDA:1,(anonymous_16)
DA:9,1
DA:10,1
DA:12,1
DA:13,1
DA:15,1
DA:18,1
DA:19,2
DA:21,2
DA:24,1
DA:25,10
DA:30,1
DA:31,8
DA:32,8
DA:33,8
DA:35,8
DA:36,1
DA:37,1
DA:38,1
DA:43,8
DA:44,2
DA:45,2
DA:46,2
DA:47,2
DA:48,2
DA:53,8
DA:54,1
DA:55,1
DA:56,1
DA:59,8
DA:60,2
DA:61,2
DA:62,2
DA:63,1
DA:64,1
DA:68,8
DA:69,1
DA:70,1
DA:71,1
DA:74,8
DA:75,1
DA:76,1
DA:77,2
DA:78,1
DA:81,8
LF:44
LH:44
BRDA:25,0,0,0
BRDA:25,0,1,10
BRDA:37,1,0,1
BRDA:37,1,1,0
BRDA:45,2,0,2
BRDA:45,2,1,0
BRDA:62,3,0,1
BRDA:62,3,1,1
BRDA:83,4,0,8
BRDA:83,4,1,5
BRDA:88,5,0,8
BRDA:88,5,1,5
BRDA:90,6,0,0
BRDA:90,6,1,5
BRF:14
BRH:10
end_of_record
