<?xml version="1.0" encoding="UTF-8"?>
<coverage generated="1707144180071" clover="3.2.0">
  <project timestamp="1707144180071" name="All files">
    <metrics statements="44" coveredstatements="44" conditionals="14" coveredconditionals="10" methods="17" coveredmethods="15" elements="75" coveredelements="69" complexity="0" loc="44" ncloc="44" packages="1" files="1" classes="1"/>
    <file name="PinCode.js" path="/work/aio/DotBot/qrkey/qrkey/ui/src/PinCode.js">
      <metrics statements="44" coveredstatements="44" conditionals="14" coveredconditionals="10" methods="17" coveredmethods="15"/>
      <line num="9" count="1" type="stmt"/>
      <line num="10" count="1" type="stmt"/>
      <line num="12" count="1" type="stmt"/>
      <line num="13" count="1" type="stmt"/>
      <line num="15" count="1" type="stmt"/>
      <line num="18" count="1" type="stmt"/>
      <line num="19" count="2" type="stmt"/>
      <line num="21" count="2" type="stmt"/>
      <line num="24" count="1" type="stmt"/>
      <line num="25" count="10" type="cond" truecount="1" falsecount="1"/>
      <line num="30" count="1" type="stmt"/>
      <line num="31" count="8" type="stmt"/>
      <line num="32" count="8" type="stmt"/>
      <line num="33" count="8" type="stmt"/>
      <line num="35" count="8" type="stmt"/>
      <line num="36" count="1" type="stmt"/>
      <line num="37" count="1" type="cond" truecount="1" falsecount="1"/>
      <line num="38" count="1" type="stmt"/>
      <line num="43" count="8" type="stmt"/>
      <line num="44" count="2" type="stmt"/>
      <line num="45" count="2" type="cond" truecount="1" falsecount="1"/>
      <line num="46" count="2" type="stmt"/>
      <line num="47" count="2" type="stmt"/>
      <line num="48" count="2" type="stmt"/>
      <line num="53" count="8" type="stmt"/>
      <line num="54" count="1" type="stmt"/>
      <line num="55" count="1" type="stmt"/>
      <line num="56" count="1" type="stmt"/>
      <line num="59" count="8" type="stmt"/>
      <line num="60" count="2" type="stmt"/>
      <line num="61" count="2" type="stmt"/>
      <line num="62" count="2" type="cond" truecount="2" falsecount="0"/>
      <line num="63" count="1" type="stmt"/>
      <line num="64" count="1" type="stmt"/>
      <line num="68" count="8" type="stmt"/>
      <line num="69" count="1" type="stmt"/>
      <line num="70" count="1" type="stmt"/>
      <line num="71" count="1" type="stmt"/>
      <line num="74" count="8" type="stmt"/>
      <line num="75" count="1" type="stmt"/>
      <line num="76" count="1" type="stmt"/>
      <line num="77" count="2" type="stmt"/>
      <line num="78" count="1" type="stmt"/>
      <line num="81" count="8" type="stmt"/>
    </file>
  </project>
</coverage>
