{"/work/aio/DotBot/qrkey/qrkey/ui/src/PinCode.js": {"path":"/work/aio/DotBot/qrkey/qrkey/ui/src/PinCode.js","statementMap":{"0":{"start":{"line":9,"column":21},"end":{"line":9,"column":57}},"1":{"start":{"line":10,"column":27},"end":{"line":10,"column":30}},"2":{"start":{"line":12,"column":24},"end":{"line":16,"column":1}},"3":{"start":{"line":13,"column":2},"end":{"line":15,"column":26}},"4":{"start":{"line":15,"column":16},"end":{"line":15,"column":24}},"5":{"start":{"line":18,"column":23},"end":{"line":22,"column":1}},"6":{"start":{"line":19,"column":2},"end":{"line":21,"column":26}},"7":{"start":{"line":21,"column":16},"end":{"line":21,"column":24}},"8":{"start":{"line":24,"column":16},"end":{"line":28,"column":1}},"9":{"start":{"line":25,"column":2},"end":{"line":27,"column":61}},"10":{"start":{"line":30,"column":23},"end":{"line":95,"column":1}},"11":{"start":{"line":31,"column":34},"end":{"line":31,"column":44}},"12":{"start":{"line":32,"column":32},"end":{"line":32,"column":42}},"13":{"start":{"line":33,"column":46},"end":{"line":33,"column":61}},"14":{"start":{"line":35,"column":23},"end":{"line":41,"column":3}},"15":{"start":{"line":36,"column":17},"end":{"line":36,"column":75}},"16":{"start":{"line":36,"column":56},"end":{"line":36,"column":74}},"17":{"start":{"line":37,"column":4},"end":{"line":39,"column":5}},"18":{"start":{"line":38,"column":6},"end":{"line":38,"column":27}},"19":{"start":{"line":43,"column":22},"end":{"line":51,"column":3}},"20":{"start":{"line":44,"column":17},"end":{"line":44,"column":74}},"21":{"start":{"line":44,"column":55},"end":{"line":44,"column":73}},"22":{"start":{"line":45,"column":4},"end":{"line":49,"column":5}},"23":{"start":{"line":46,"column":19},"end":{"line":46,"column":34}},"24":{"start":{"line":47,"column":20},"end":{"line":47,"column":91}},"25":{"start":{"line":48,"column":6},"end":{"line":48,"column":25}},"26":{"start":{"line":53,"column":19},"end":{"line":57,"column":3}},"27":{"start":{"line":54,"column":4},"end":{"line":54,"column":36}},"28":{"start":{"line":55,"column":4},"end":{"line":55,"column":19}},"29":{"start":{"line":56,"column":4},"end":{"line":56,"column":18}},"30":{"start":{"line":59,"column":22},"end":{"line":66,"column":3}},"31":{"start":{"line":60,"column":20},"end":{"line":60,"column":42}},"32":{"start":{"line":61,"column":4},"end":{"line":61,"column":57}},"33":{"start":{"line":62,"column":4},"end":{"line":65,"column":5}},"34":{"start":{"line":63,"column":6},"end":{"line":63,"column":35}},"35":{"start":{"line":64,"column":6},"end":{"line":64,"column":20}},"36":{"start":{"line":68,"column":27},"end":{"line":72,"column":3}},"37":{"start":{"line":69,"column":4},"end":{"line":69,"column":49}},"38":{"start":{"line":70,"column":4},"end":{"line":70,"column":27}},"39":{"start":{"line":71,"column":4},"end":{"line":71,"column":59}},"40":{"start":{"line":74,"column":2},"end":{"line":79,"column":5}},"41":{"start":{"line":75,"column":18},"end":{"line":75,"column":28}},"42":{"start":{"line":76,"column":19},"end":{"line":76,"column":50}},"43":{"start":{"line":77,"column":26},"end":{"line":77,"column":44}},"44":{"start":{"line":78,"column":32},"end":{"line":78,"column":36}},"45":{"start":{"line":81,"column":2},"end":{"line":94,"column":4}}},"fnMap":{"0":{"name":"(anonymous_0)","decl":{"start":{"line":12,"column":24},"end":{"line":12,"column":25}},"loc":{"start":{"line":12,"column":36},"end":{"line":16,"column":1}},"line":12},"1":{"name":"(anonymous_1)","decl":{"start":{"line":15,"column":9},"end":{"line":15,"column":10}},"loc":{"start":{"line":15,"column":16},"end":{"line":15,"column":24}},"line":15},"2":{"name":"(anonymous_2)","decl":{"start":{"line":18,"column":23},"end":{"line":18,"column":24}},"loc":{"start":{"line":18,"column":35},"end":{"line":22,"column":1}},"line":18},"3":{"name":"(anonymous_3)","decl":{"start":{"line":21,"column":9},"end":{"line":21,"column":10}},"loc":{"start":{"line":21,"column":16},"end":{"line":21,"column":24}},"line":21},"4":{"name":"(anonymous_4)","decl":{"start":{"line":24,"column":16},"end":{"line":24,"column":17}},"loc":{"start":{"line":24,"column":50},"end":{"line":28,"column":1}},"line":24},"5":{"name":"(anonymous_5)","decl":{"start":{"line":30,"column":23},"end":{"line":30,"column":24}},"loc":{"start":{"line":30,"column":29},"end":{"line":95,"column":1}},"line":30},"6":{"name":"(anonymous_6)","decl":{"start":{"line":35,"column":35},"end":{"line":35,"column":36}},"loc":{"start":{"line":35,"column":47},"end":{"line":40,"column":3}},"line":35},"7":{"name":"(anonymous_7)","decl":{"start":{"line":36,"column":47},"end":{"line":36,"column":48}},"loc":{"start":{"line":36,"column":56},"end":{"line":36,"column":74}},"line":36},"8":{"name":"(anonymous_8)","decl":{"start":{"line":43,"column":34},"end":{"line":43,"column":35}},"loc":{"start":{"line":43,"column":46},"end":{"line":50,"column":3}},"line":43},"9":{"name":"(anonymous_9)","decl":{"start":{"line":44,"column":46},"end":{"line":44,"column":47}},"loc":{"start":{"line":44,"column":55},"end":{"line":44,"column":73}},"line":44},"10":{"name":"(anonymous_10)","decl":{"start":{"line":53,"column":19},"end":{"line":53,"column":20}},"loc":{"start":{"line":53,"column":25},"end":{"line":57,"column":3}},"line":53},"11":{"name":"(anonymous_11)","decl":{"start":{"line":59,"column":22},"end":{"line":59,"column":23}},"loc":{"start":{"line":59,"column":33},"end":{"line":66,"column":3}},"line":59},"12":{"name":"(anonymous_12)","decl":{"start":{"line":68,"column":27},"end":{"line":68,"column":28}},"loc":{"start":{"line":68,"column":39},"end":{"line":72,"column":3}},"line":68},"13":{"name":"(anonymous_13)","decl":{"start":{"line":75,"column":12},"end":{"line":75,"column":13}},"loc":{"start":{"line":75,"column":18},"end":{"line":75,"column":28}},"line":75},"14":{"name":"(anonymous_14)","decl":{"start":{"line":76,"column":13},"end":{"line":76,"column":14}},"loc":{"start":{"line":76,"column":19},"end":{"line":76,"column":50}},"line":76},"15":{"name":"(anonymous_15)","decl":{"start":{"line":77,"column":15},"end":{"line":77,"column":16}},"loc":{"start":{"line":77,"column":26},"end":{"line":77,"column":44}},"line":77},"16":{"name":"(anonymous_16)","decl":{"start":{"line":78,"column":21},"end":{"line":78,"column":22}},"loc":{"start":{"line":78,"column":32},"end":{"line":78,"column":36}},"line":78}},"branchMap":{"0":{"loc":{"start":{"line":25,"column":9},"end":{"line":27,"column":61}},"type":"cond-expr","locations":[{"start":{"line":26,"column":6},"end":{"line":26,"column":21}},{"start":{"line":27,"column":6},"end":{"line":27,"column":61}}],"line":25},"1":{"loc":{"start":{"line":37,"column":4},"end":{"line":39,"column":5}},"type":"if","locations":[{"start":{"line":37,"column":4},"end":{"line":39,"column":5}},{"start":{},"end":{}}],"line":37},"2":{"loc":{"start":{"line":45,"column":4},"end":{"line":49,"column":5}},"type":"if","locations":[{"start":{"line":45,"column":4},"end":{"line":49,"column":5}},{"start":{},"end":{}}],"line":45},"3":{"loc":{"start":{"line":62,"column":4},"end":{"line":65,"column":5}},"type":"if","locations":[{"start":{"line":62,"column":4},"end":{"line":65,"column":5}},{"start":{},"end":{}}],"line":62},"4":{"loc":{"start":{"line":83,"column":7},"end":{"line":86,"column":16}},"type":"binary-expr","locations":[{"start":{"line":83,"column":7},"end":{"line":83,"column":13}},{"start":{"line":84,"column":6},"end":{"line":86,"column":16}}],"line":83},"5":{"loc":{"start":{"line":88,"column":7},"end":{"line":91,"column":10}},"type":"binary-expr","locations":[{"start":{"line":88,"column":7},"end":{"line":88,"column":14}},{"start":{"line":89,"column":6},"end":{"line":91,"column":10}}],"line":88},"6":{"loc":{"start":{"line":90,"column":173},"end":{"line":90,"column":225}},"type":"cond-expr","locations":[{"start":{"line":90,"column":189},"end":{"line":90,"column":209}},{"start":{"line":90,"column":211},"end":{"line":90,"column":225}}],"line":90}},"s":{"0":1,"1":1,"2":1,"3":1,"4":1,"5":1,"6":2,"7":2,"8":1,"9":10,"10":1,"11":8,"12":8,"13":8,"14":8,"15":1,"16":0,"17":1,"18":1,"19":8,"20":2,"21":0,"22":2,"23":2,"24":2,"25":2,"26":8,"27":1,"28":1,"29":1,"30":8,"31":2,"32":2,"33":2,"34":1,"35":1,"36":8,"37":1,"38":1,"39":1,"40":8,"41":1,"42":1,"43":2,"44":1,"45":8},"f":{"0":1,"1":1,"2":2,"3":2,"4":10,"5":8,"6":1,"7":0,"8":2,"9":0,"10":1,"11":2,"12":1,"13":1,"14":1,"15":2,"16":1},"b":{"0":[0,10],"1":[1,0],"2":[2,0],"3":[1,1],"4":[8,5],"5":[8,5],"6":[0,5]},"_coverageSchema":"1a1c01bbd47fc00a2c39e90264f33305004495a9","hash":"d04eed188ae82f857b9e0221d0209cc70aa8ec9a"}
}
