<?xml version="1.0" encoding="UTF-8"?>
<coverage generated="1706782082599" clover="3.2.0">
  <project timestamp="1706782082600" name="All files">
    <metrics statements="39" coveredstatements="39" conditionals="12" coveredconditionals="9" methods="16" coveredmethods="14" elements="67" coveredelements="62" complexity="0" loc="39" ncloc="39" packages="1" files="1" classes="1"/>
    <file name="PinCode.js" path="/work/aio/DotBot/qrkey/qrkey/ui/src/PinCode.js">
      <metrics statements="39" coveredstatements="39" conditionals="12" coveredconditionals="9" methods="16" coveredmethods="14"/>
      <line num="8" count="1" type="stmt"/>
      <line num="9" count="1" type="stmt"/>
      <line num="11" count="1" type="stmt"/>
      <line num="12" count="1" type="stmt"/>
      <line num="14" count="1" type="stmt"/>
      <line num="17" count="1" type="stmt"/>
      <line num="18" count="2" type="stmt"/>
      <line num="20" count="2" type="stmt"/>
      <line num="23" count="1" type="stmt"/>
      <line num="24" count="10" type="cond" truecount="1" falsecount="1"/>
      <line num="29" count="1" type="stmt"/>
      <line num="30" count="8" type="stmt"/>
      <line num="31" count="8" type="stmt"/>
      <line num="33" count="8" type="stmt"/>
      <line num="34" count="1" type="stmt"/>
      <line num="35" count="1" type="cond" truecount="1" falsecount="1"/>
      <line num="36" count="1" type="stmt"/>
      <line num="41" count="8" type="stmt"/>
      <line num="42" count="2" type="stmt"/>
      <line num="43" count="2" type="cond" truecount="1" falsecount="1"/>
      <line num="44" count="2" type="stmt"/>
      <line num="45" count="2" type="stmt"/>
      <line num="46" count="2" type="stmt"/>
      <line num="51" count="8" type="stmt"/>
      <line num="52" count="1" type="stmt"/>
      <line num="53" count="1" type="stmt"/>
      <line num="54" count="1" type="stmt"/>
      <line num="57" count="8" type="stmt"/>
      <line num="58" count="2" type="stmt"/>
      <line num="59" count="2" type="stmt"/>
      <line num="60" count="2" type="cond" truecount="2" falsecount="0"/>
      <line num="61" count="1" type="stmt"/>
      <line num="62" count="1" type="stmt"/>
      <line num="66" count="8" type="stmt"/>
      <line num="67" count="1" type="stmt"/>
      <line num="68" count="1" type="stmt"/>
      <line num="69" count="2" type="stmt"/>
      <line num="70" count="1" type="stmt"/>
      <line num="73" count="8" type="stmt"/>
    </file>
  </project>
</coverage>
