TN:
SF:src/PinCode.js
FN:11,(anonymous_0)
FN:14,(anonymous_1)
FN:17,(anonymous_2)
FN:20,(anonymous_3)
FN:23,(anonymous_4)
FN:29,(anonymous_5)
FN:33,(anonymous_6)
FN:34,(anonymous_7)
FN:41,(anonymous_8)
FN:42,(anonymous_9)
FN:51,(anonymous_10)
FN:57,(anonymous_11)
FN:67,(anonymous_12)
FN:68,(anonymous_13)
FN:69,(anonymous_14)
FN:70,(anonymous_15)
FNF:16
FNH:14
FNDA:1,(anonymous_0)
FNDA:1,(anonymous_1)
FNDA:2,(anonymous_2)
FNDA:2,(anonymous_3)
FNDA:10,(anonymous_4)
FNDA:8,(anonymous_5)
FNDA:1,(anonymous_6)
FNDA:0,(anonymous_7)
FNDA:2,(anonymous_8)
FNDA:0,(anonymous_9)
FNDA:1,(anonymous_10)
FNDA:2,(anonymous_11)
FNDA:1,(anonymous_12)
FNDA:1,(anonymous_13)
FNDA:2,(anonymous_14)
FNDA:1,(anonymous_15)
DA:8,1
DA:9,1
DA:11,1
DA:12,1
DA:14,1
DA:17,1
DA:18,2
DA:20,2
DA:23,1
DA:24,10
DA:29,1
DA:30,8
DA:31,8
DA:33,8
DA:34,1
DA:35,1
DA:36,1
DA:41,8
DA:42,2
DA:43,2
DA:44,2
DA:45,2
DA:46,2
DA:51,8
DA:52,1
DA:53,1
DA:54,1
DA:57,8
DA:58,2
DA:59,2
DA:60,2
DA:61,1
DA:62,1
DA:66,8
DA:67,1
DA:68,1
DA:69,2
DA:70,1
DA:73,8
LF:39
LH:39
BRDA:24,0,0,0
BRDA:24,0,1,10
BRDA:35,1,0,1
BRDA:35,1,1,0
BRDA:43,2,0,2
BRDA:43,2,1,0
BRDA:60,3,0,1
BRDA:60,3,1,1
BRDA:75,4,0,8
BRDA:75,4,1,5
BRDA:80,5,0,8
BRDA:80,5,1,5
BRF:12
BRH:9
end_of_record
